SF:lib/presentation/yod_navigator/yod_navigator.dart
DA:11,2
DA:12,2
DA:15,2
DA:16,6
DA:24,1
DA:25,2
DA:27,1
DA:29,2
DA:32,1
DA:34,6
DA:37,1
DA:38,3
DA:39,1
DA:40,2
DA:42,1
DA:45,1
DA:47,2
DA:48,2
DA:51,2
DA:52,4
DA:56,1
DA:57,3
DA:58,1
DA:59,2
DA:62,1
DA:65,1
DA:67,2
DA:70,1
DA:71,1
DA:72,1
DA:73,2
DA:75,1
DA:78,1
DA:80,2
DA:81,4
DA:85,1
DA:86,3
DA:87,1
DA:88,2
DA:90,1
DA:93,0
DA:95,0
DA:96,0
DA:98,0
DA:101,0
DA:106,0
DA:107,0
DA:110,0
DA:112,0
DA:113,0
DA:117,1
DA:121,3
DA:125,1
DA:132,1
DA:133,6
DA:137,1
DA:138,2
DA:141,1
DA:142,2
DA:148,4
DA:157,1
DA:158,1
DA:159,1
DA:160,2
DA:167,1
DA:168,1
DA:169,1
DA:170,2
DA:180,1
DA:185,1
DA:186,0
DA:190,1
DA:193,1
DA:200,1
DA:201,0
DA:205,1
DA:214,1
DA:219,1
DA:220,0
DA:224,1
DA:227,1
DA:235,1
DA:236,0
DA:240,1
DA:250,1
DA:255,1
DA:256,0
DA:262,1
DA:265,1
DA:271,1
DA:272,0
DA:278,1
DA:286,1
DA:287,1
DA:290,1
DA:295,1
DA:302,1
DA:308,1
DA:311,1
DA:318,1
DA:326,1
DA:327,1
DA:330,1
DA:338,1
DA:347,1
DA:352,1
DA:356,1
DA:365,1
DA:366,1
DA:369,1
DA:374,1
DA:376,1
DA:377,1
DA:378,1
DA:379,1
DA:380,2
DA:382,1
DA:385,1
DA:395,1
DA:399,1
DA:401,4
LF:121
LH:105
end_of_record
SF:lib/src/common_interface/tabcontroller/tabcontroller_interface.dart
DA:7,2
DA:9,2
DA:12,2
DA:13,4
DA:20,2
DA:21,2
DA:22,1
DA:24,2
DA:27,2
DA:28,4
DA:29,2
DA:32,2
DA:37,6
DA:42,2
DA:43,5
LF:15
LH:15
end_of_record
SF:lib/src/common_interface/yod_router/yod_router_module.dart
DA:11,1
LF:1
LH:1
end_of_record
SF:lib/src/common_interface/yod_router/yod_router_base.dart
DA:7,1
DA:22,1
DA:34,1
DA:35,1
DA:36,1
DA:37,1
DA:38,1
DA:39,1
DA:40,1
DA:41,1
DA:42,1
DA:43,1
DA:44,5
LF:13
LH:13
end_of_record
